[18Aug2025 00:31:49.634] [Server thread/INFO] [net.minecraft.server.MinecraftServer/]: grillo1320 has made the advancement [Trick-or-Treat?]
[18Aug2025 01:00:00.605] [dimthread_server_overworld/WARN] [net.minecraft.world.level.entity.PersistentEntitySectionManager/]: UUID of added entity already exists: Drowned['Drowned'/73500, l='ServerLevel[world]', x=-236.50, y=32.00, z=-6050.50]
[18Aug2025 01:01:12.826] [dimthread_server_overworld/INFO] [net.minecraft.server.MinecraftServer/]: grillo1320 has reached the goal [Horror of the Depths]
[18Aug2025 01:07:08.361] [dimthread_server_overworld/ERROR] [net.minecraft.Util/]: Invalid entity rotation: NaN, discarding.
[18Aug2025 01:07:14.161] [dimthread_server_overworld/ERROR] [net.minecraft.Util/]: Invalid entity rotation: NaN, discarding.
[18Aug2025 01:07:14.862] [dimthread_server_overworld/ERROR] [net.minecraft.Util/]: Invalid entity rotation: NaN, discarding.
[18Aug2025 01:07:15.564] [dimthread_server_overworld/ERROR] [net.minecraft.Util/]: Invalid entity rotation: NaN, discarding.
[18Aug2025 01:08:36.947] [Server thread/WARN] [net.minecraft.server.MinecraftServer/]: Can't keep up! Is the server overloaded? Running 2002ms or 40 ticks behind
[18Aug2025 01:08:54.637] [Server thread/WARN] [net.minecraft.server.MinecraftServer/]: Can't keep up! Is the server overloaded? Running 2691ms or 53 ticks behind
[18Aug2025 01:11:13.494] [dimthread_server_overworld/WARN] [net.minecraft.world.level.entity.PersistentEntitySectionManager/]: UUID of added entity already exists: EntitySlowPart['Part'/77646, l='ServerLevel[world]', x=-351.69, y=65.51, z=-6863.25]
[18Aug2025 01:31:06.996] [Worker-Main-294/WARN] [net.minecraft.world.entity.ai.attributes.AttributeMap/]: Ignoring unknown attribute 'forge:step_height'
[18Aug2025 01:31:06.999] [Worker-Main-294/WARN] [net.minecraft.world.entity.ai.attributes.AttributeMap/]: Ignoring unknown attribute 'forge:step_height'
[18Aug2025 01:31:08.237] [Worker-Main-289/WARN] [net.minecraft.world.entity.ai.attributes.AttributeMap/]: Ignoring unknown attribute 'forge:step_height'
[18Aug2025 01:31:08.239] [Worker-Main-289/WARN] [net.minecraft.world.entity.ai.attributes.AttributeMap/]: Ignoring unknown attribute 'forge:step_height'
[18Aug2025 01:31:13.915] [Worker-Main-289/WARN] [net.minecraft.world.entity.ai.attributes.AttributeMap/]: Ignoring unknown attribute 'forge:step_height'
[18Aug2025 01:31:15.773] [Worker-Main-294/WARN] [net.minecraft.world.entity.ai.attributes.AttributeMap/]: Ignoring unknown attribute 'forge:step_height'
[18Aug2025 01:31:15.785] [Worker-Main-294/WARN] [net.minecraft.world.entity.ai.attributes.AttributeMap/]: Ignoring unknown attribute 'forge:step_height'
[18Aug2025 01:32:32.629] [dimthread_server_overworld/WARN] [tombstone/]: The death event of the player grillo1320 was canceled by another mod
[18Aug2025 01:32:32.641] [Server thread/INFO] [tombstone/]: The player grillo1320 has successfully been saved
[18Aug2025 01:32:51.794] [Server thread/INFO] [net.minecraft.server.MinecraftServer/]: grillo1320 was impaled by Deepling
[18Aug2025 01:34:44.080] [Server thread/WARN] [tombstone/]: The death event of the player grillo1320 was canceled by another mod
[18Aug2025 01:34:44.083] [Server thread/INFO] [tombstone/]: The player grillo1320 has successfully been saved
[18Aug2025 01:34:50.423] [Server thread/INFO] [net.minecraft.server.MinecraftServer/]: grillo1320 died of rabies
[18Aug2025 01:35:07.418] [Worker-Main-290/WARN] [net.minecraft.server.level.WorldGenRegion/]: Tried to access a block entity before it was created. BlockPos{x=-2562, y=-41, z=-5040}
[18Aug2025 01:35:07.420] [Worker-Main-290/WARN] [net.minecraft.server.level.WorldGenRegion/]: Tried to access a block entity before it was created. BlockPos{x=-2562, y=-41, z=-5040}
[18Aug2025 01:35:07.420] [Worker-Main-290/WARN] [net.minecraft.server.level.WorldGenRegion/]: Tried to access a block entity before it was created. BlockPos{x=-2558, y=-41, z=-5035}
[18Aug2025 01:35:07.421] [Worker-Main-290/WARN] [net.minecraft.server.level.WorldGenRegion/]: Tried to access a block entity before it was created. BlockPos{x=-2558, y=-41, z=-5035}
[18Aug2025 01:35:07.421] [Worker-Main-290/WARN] [net.minecraft.server.level.WorldGenRegion/]: Tried to access a block entity before it was created. BlockPos{x=-2565, y=-41, z=-5033}
[18Aug2025 01:35:07.422] [Worker-Main-290/WARN] [net.minecraft.server.level.WorldGenRegion/]: Tried to access a block entity before it was created. BlockPos{x=-2565, y=-41, z=-5033}
[18Aug2025 01:35:07.424] [Worker-Main-290/WARN] [net.minecraft.server.level.WorldGenRegion/]: Tried to access a block entity before it was created. BlockPos{x=-2561, y=-38, z=-5038}
[18Aug2025 01:35:07.424] [Worker-Main-290/WARN] [net.minecraft.server.level.WorldGenRegion/]: Tried to access a block entity before it was created. BlockPos{x=-2561, y=-38, z=-5038}
[18Aug2025 01:35:07.424] [Worker-Main-290/WARN] [net.minecraft.server.level.WorldGenRegion/]: Tried to access a block entity before it was created. BlockPos{x=-2566, y=-37, z=-5032}
[18Aug2025 01:35:07.425] [Worker-Main-290/WARN] [net.minecraft.server.level.WorldGenRegion/]: Tried to access a block entity before it was created. BlockPos{x=-2566, y=-37, z=-5032}
[18Aug2025 01:35:07.434] [Worker-Main-290/WARN] [net.minecraft.server.level.WorldGenRegion/]: Tried to access a block entity before it was created. BlockPos{x=-2562, y=-41, z=-5040}
[18Aug2025 01:35:07.434] [Worker-Main-290/WARN] [net.minecraft.server.level.WorldGenRegion/]: Tried to access a block entity before it was created. BlockPos{x=-2558, y=-41, z=-5035}
[18Aug2025 01:35:07.434] [Worker-Main-290/WARN] [net.minecraft.server.level.WorldGenRegion/]: Tried to access a block entity before it was created. BlockPos{x=-2565, y=-41, z=-5033}
[18Aug2025 01:35:07.435] [Worker-Main-290/WARN] [net.minecraft.server.level.WorldGenRegion/]: Tried to access a block entity before it was created. BlockPos{x=-2561, y=-38, z=-5038}
[18Aug2025 01:35:07.436] [Worker-Main-290/WARN] [net.minecraft.server.level.WorldGenRegion/]: Tried to access a block entity before it was created. BlockPos{x=-2566, y=-37, z=-5032}
[18Aug2025 01:39:34.344] [Worker-Main-294/ERROR] [net.minecraft.Util/]: Detected setBlock in a far chunk [-180, -310], pos: BlockPos{x=-2869, y=10, z=-4960}, status: minecraft:features, currently generating: ResourceKey[minecraft:worldgen/placed_feature / undead_revamp2:possesivehome_1]
[18Aug2025 01:39:34.345] [Worker-Main-294/ERROR] [net.minecraft.Util/]: Detected setBlock in a far chunk [-179, -310], pos: BlockPos{x=-2861, y=10, z=-4960}, status: minecraft:features, currently generating: ResourceKey[minecraft:worldgen/placed_feature / undead_revamp2:possesivehome_1]
[18Aug2025 01:39:34.345] [Worker-Main-294/ERROR] [net.minecraft.Util/]: Detected setBlock in a far chunk [-180, -310], pos: BlockPos{x=-2869, y=11, z=-4960}, status: minecraft:features, currently generating: ResourceKey[minecraft:worldgen/placed_feature / undead_revamp2:possesivehome_1]
[18Aug2025 01:39:34.346] [Worker-Main-294/ERROR] [net.minecraft.Util/]: Detected setBlock in a far chunk [-179, -310], pos: BlockPos{x=-2861, y=11, z=-4960}, status: minecraft:features, currently generating: ResourceKey[minecraft:worldgen/placed_feature / undead_revamp2:possesivehome_1]
[18Aug2025 01:39:34.346] [Worker-Main-294/ERROR] [net.minecraft.Util/]: Detected setBlock in a far chunk [-180, -310], pos: BlockPos{x=-2869, y=12, z=-4960}, status: minecraft:features, currently generating: ResourceKey[minecraft:worldgen/placed_feature / undead_revamp2:possesivehome_1]
[18Aug2025 01:39:34.347] [Worker-Main-294/ERROR] [net.minecraft.Util/]: Detected setBlock in a far chunk [-179, -310], pos: BlockPos{x=-2861, y=12, z=-4960}, status: minecraft:features, currently generating: ResourceKey[minecraft:worldgen/placed_feature / undead_revamp2:possesivehome_1]
[18Aug2025 01:39:34.347] [Worker-Main-294/ERROR] [net.minecraft.Util/]: Detected setBlock in a far chunk [-180, -310], pos: BlockPos{x=-2869, y=13, z=-4960}, status: minecraft:features, currently generating: ResourceKey[minecraft:worldgen/placed_feature / undead_revamp2:possesivehome_1]
[18Aug2025 01:39:34.347] [Worker-Main-294/ERROR] [net.minecraft.Util/]: Detected setBlock in a far chunk [-179, -310], pos: BlockPos{x=-2861, y=13, z=-4960}, status: minecraft:features, currently generating: ResourceKey[minecraft:worldgen/placed_feature / undead_revamp2:possesivehome_1]
[18Aug2025 01:39:34.348] [Worker-Main-294/ERROR] [net.minecraft.Util/]: Detected setBlock in a far chunk [-180, -310], pos: BlockPos{x=-2869, y=14, z=-4960}, status: minecraft:features, currently generating: ResourceKey[minecraft:worldgen/placed_feature / undead_revamp2:possesivehome_1]
[18Aug2025 01:39:34.348] [Worker-Main-294/ERROR] [net.minecraft.Util/]: Detected setBlock in a far chunk [-179, -310], pos: BlockPos{x=-2861, y=14, z=-4960}, status: minecraft:features, currently generating: ResourceKey[minecraft:worldgen/placed_feature / undead_revamp2:possesivehome_1]
[18Aug2025 01:39:34.348] [Worker-Main-294/ERROR] [net.minecraft.Util/]: Detected setBlock in a far chunk [-180, -310], pos: BlockPos{x=-2869, y=15, z=-4960}, status: minecraft:features, currently generating: ResourceKey[minecraft:worldgen/placed_feature / undead_revamp2:possesivehome_1]
[18Aug2025 01:39:34.349] [Worker-Main-294/ERROR] [net.minecraft.Util/]: Detected setBlock in a far chunk [-179, -310], pos: BlockPos{x=-2861, y=15, z=-4960}, status: minecraft:features, currently generating: ResourceKey[minecraft:worldgen/placed_feature / undead_revamp2:possesivehome_1]
[18Aug2025 01:39:34.349] [Worker-Main-294/ERROR] [net.minecraft.Util/]: Detected setBlock in a far chunk [-180, -310], pos: BlockPos{x=-2869, y=16, z=-4960}, status: minecraft:features, currently generating: ResourceKey[minecraft:worldgen/placed_feature / undead_revamp2:possesivehome_1]
[18Aug2025 01:39:34.350] [Worker-Main-294/ERROR] [net.minecraft.Util/]: Detected setBlock in a far chunk [-179, -310], pos: BlockPos{x=-2861, y=16, z=-4960}, status: minecraft:features, currently generating: ResourceKey[minecraft:worldgen/placed_feature / undead_revamp2:possesivehome_1]
[18Aug2025 01:39:34.350] [Worker-Main-294/ERROR] [net.minecraft.Util/]: Detected setBlock in a far chunk [-180, -310], pos: BlockPos{x=-2869, y=17, z=-4960}, status: minecraft:features, currently generating: ResourceKey[minecraft:worldgen/placed_feature / undead_revamp2:possesivehome_1]
[18Aug2025 01:39:34.351] [Worker-Main-294/ERROR] [net.minecraft.Util/]: Detected setBlock in a far chunk [-180, -310], pos: BlockPos{x=-2868, y=17, z=-4960}, status: minecraft:features, currently generating: ResourceKey[minecraft:worldgen/placed_feature / undead_revamp2:possesivehome_1]
[18Aug2025 01:39:34.351] [Worker-Main-294/ERROR] [net.minecraft.Util/]: Detected setBlock in a far chunk [-180, -310], pos: BlockPos{x=-2867, y=17, z=-4960}, status: minecraft:features, currently generating: ResourceKey[minecraft:worldgen/placed_feature / undead_revamp2:possesivehome_1]
[18Aug2025 01:39:34.351] [Worker-Main-294/ERROR] [net.minecraft.Util/]: Detected setBlock in a far chunk [-180, -310], pos: BlockPos{x=-2866, y=17, z=-4960}, status: minecraft:features, currently generating: ResourceKey[minecraft:worldgen/placed_feature / undead_revamp2:possesivehome_1]
[18Aug2025 01:39:34.352] [Worker-Main-294/ERROR] [net.minecraft.Util/]: Detected setBlock in a far chunk [-180, -310], pos: BlockPos{x=-2865, y=17, z=-4960}, status: minecraft:features, currently generating: ResourceKey[minecraft:worldgen/placed_feature / undead_revamp2:possesivehome_1]
[18Aug2025 01:39:34.352] [Worker-Main-294/ERROR] [net.minecraft.Util/]: Detected setBlock in a far chunk [-179, -310], pos: BlockPos{x=-2864, y=17, z=-4960}, status: minecraft:features, currently generating: ResourceKey[minecraft:worldgen/placed_feature / undead_revamp2:possesivehome_1]
[18Aug2025 01:39:34.352] [Worker-Main-294/ERROR] [net.minecraft.Util/]: Detected setBlock in a far chunk [-179, -310], pos: BlockPos{x=-2863, y=17, z=-4960}, status: minecraft:features, currently generating: ResourceKey[minecraft:worldgen/placed_feature / undead_revamp2:possesivehome_1]
[18Aug2025 01:39:34.353] [Worker-Main-294/ERROR] [net.minecraft.Util/]: Detected setBlock in a far chunk [-179, -310], pos: BlockPos{x=-2862, y=17, z=-4960}, status: minecraft:features, currently generating: ResourceKey[minecraft:worldgen/placed_feature / undead_revamp2:possesivehome_1]
[18Aug2025 01:39:34.353] [Worker-Main-294/ERROR] [net.minecraft.Util/]: Detected setBlock in a far chunk [-179, -310], pos: BlockPos{x=-2861, y=17, z=-4960}, status: minecraft:features, currently generating: ResourceKey[minecraft:worldgen/placed_feature / undead_revamp2:possesivehome_1]
